<?xml version="1.0" encoding="UTF-8"?>
<testng-results ignored="0" total="1" passed="1" failed="0" skipped="0">
  <reporter-output>
  </reporter-output>
  <suite started-at="2021-12-19T16:07:41 PKT" name="Default suite" finished-at="2021-12-19T16:08:19 PKT" duration-ms="37358">
    <groups>
    </groups>
    <test started-at="2021-12-19T16:07:41 PKT" name="Default test" finished-at="2021-12-19T16:08:19 PKT" duration-ms="37358">
      <class name="TestCases.PageFactoryTestCases">
        <test-method signature="LoginTestCase()[pri:0, instance:TestCases.PageFactoryTestCases@747edf66]" started-at="2021-12-19T16:07:41 PKT" name="LoginTestCase" finished-at="2021-12-19T16:08:19 PKT" duration-ms="37279" status="PASS">
          <reporter-output>
          </reporter-output>
        </test-method> <!-- LoginTestCase -->
      </class> <!-- TestCases.PageFactoryTestCases -->
    </test> <!-- Default test -->
  </suite> <!-- Default suite -->
</testng-results>
