<?xml version="1.0" encoding="UTF-8"?>
<testng-results ignored="0" total="1" passed="1" failed="0" skipped="0">
  <reporter-output>
  </reporter-output>
  <suite started-at="2022-01-01T07:54:55 PST" name="Default suite" finished-at="2022-01-01T07:55:23 PST" duration-ms="28586">
    <groups>
    </groups>
    <test started-at="2022-01-01T07:54:55 PST" name="Default test" finished-at="2022-01-01T07:55:23 PST" duration-ms="28586">
      <class name="TestCases.LoginTestCase">
        <test-method signature="Login()[pri:0, instance:TestCases.LoginTestCase@5c909414]" started-at="2022-01-01T07:54:55 PST" name="Login" finished-at="2022-01-01T07:55:23 PST" duration-ms="28546" status="PASS">
          <reporter-output>
          </reporter-output>
        </test-method> <!-- Login -->
      </class> <!-- TestCases.LoginTestCase -->
    </test> <!-- Default test -->
  </suite> <!-- Default suite -->
</testng-results>
